<?xml version="1.0" encoding="utf-8"?><testsuites name="pytest tests"><testsuite name="pytest" errors="0" failures="0" skipped="0" tests="46" time="1.418" timestamp="2026-09-05T16:58:28.566027+00:00" hostname="192-222-50-213"><testcase classname="tests.test_coupling" name="test_coupled_support_matches_independent_halfplane_oracle" time="0.175" /><testcase classname="tests.test_coupling" name="test_coupled_residual_dense_high_precision_and_refinement" time="0.287" /><testcase classname="tests.test_coupling" name="test_strict_acceptance_witness_and_constant_no_effect" time="0.009" /><testcase classname="tests.test_coupling" name="test_numerical_coupling_matches_rational_geometry" time="0.090" /><testcase classname="tests.test_export" name="test_outward_export" time="0.014" /><testcase classname="tests.test_input_contracts" name="test_integer_interval_reciprocal_stays_exact" time="0.000" /><testcase classname="tests.test_input_contracts" name="test_oracles_reject_invalid_shapes_and_domains[q0-k0-v0-direct_oracle]" time="0.001" /><testcase classname="tests.test_input_contracts" name="test_oracles_reject_invalid_shapes_and_domains[q0-k0-v0-dense_attention]" time="0.000" /><testcase classname="tests.test_input_contracts" name="test_oracles_reject_invalid_shapes_and_domains[q1-k1-v1-direct_oracle]" time="0.000" /><testcase classname="tests.test_input_contracts" name="test_oracles_reject_invalid_shapes_and_domains[q1-k1-v1-dense_attention]" time="0.000" /><testcase classname="tests.test_input_contracts" name="test_oracles_reject_invalid_shapes_and_domains[q2-k2-v2-direct_oracle]" time="0.000" /><testcase classname="tests.test_input_contracts" name="test_oracles_reject_invalid_shapes_and_domains[q2-k2-v2-dense_attention]" time="0.000" /><testcase classname="tests.test_input_contracts" name="test_oracles_reject_invalid_shapes_and_domains[q3-k3-v3-direct_oracle]" time="0.000" /><testcase classname="tests.test_input_contracts" name="test_oracles_reject_invalid_shapes_and_domains[q3-k3-v3-dense_attention]" time="0.000" /><testcase classname="tests.test_input_contracts" name="test_oracles_reject_invalid_shapes_and_domains[q4-k4-v4-direct_oracle]" time="0.000" /><testcase classname="tests.test_input_contracts" name="test_oracles_reject_invalid_shapes_and_domains[q4-k4-v4-dense_attention]" time="0.000" /><testcase classname="tests.test_input_contracts" name="test_oracles_reject_invalid_shapes_and_domains[q5-k5-v5-direct_oracle]" time="0.000" /><testcase classname="tests.test_input_contracts" name="test_oracles_reject_invalid_shapes_and_domains[q5-k5-v5-dense_attention]" time="0.000" /><testcase classname="tests.test_input_contracts" name="test_oracles_reject_invalid_shapes_and_domains[q6-k6-v6-direct_oracle]" time="0.000" /><testcase classname="tests.test_input_contracts" name="test_oracles_reject_invalid_shapes_and_domains[q6-k6-v6-dense_attention]" time="0.000" /><testcase classname="tests.test_input_contracts" name="test_oracles_reject_invalid_shapes_and_domains[q7-k7-v7-direct_oracle]" time="0.000" /><testcase classname="tests.test_input_contracts" name="test_oracles_reject_invalid_shapes_and_domains[q7-k7-v7-dense_attention]" time="0.000" /><testcase classname="tests.test_input_contracts" name="test_summary_rejects_lossy_indices_and_rank[0.5-groups0-cmk.rational]" time="0.000" /><testcase classname="tests.test_input_contracts" name="test_summary_rejects_lossy_indices_and_rank[0.5-groups0-cmk.reference]" time="0.000" /><testcase classname="tests.test_input_contracts" name="test_summary_rejects_lossy_indices_and_rank[True-groups1-cmk.rational]" time="0.000" /><testcase classname="tests.test_input_contracts" name="test_summary_rejects_lossy_indices_and_rank[True-groups1-cmk.reference]" time="0.000" /><testcase classname="tests.test_input_contracts" name="test_summary_rejects_lossy_indices_and_rank[0-groups2-cmk.rational]" time="0.000" /><testcase classname="tests.test_input_contracts" name="test_summary_rejects_lossy_indices_and_rank[0-groups2-cmk.reference]" time="0.000" /><testcase classname="tests.test_input_contracts" name="test_summary_rejects_lossy_indices_and_rank[0-groups3-cmk.rational]" time="0.000" /><testcase classname="tests.test_input_contracts" name="test_summary_rejects_lossy_indices_and_rank[0-groups3-cmk.reference]" time="0.000" /><testcase classname="tests.test_input_contracts" name="test_summary_rejects_lossy_indices_and_rank[0-groups4-cmk.rational]" time="0.000" /><testcase classname="tests.test_input_contracts" name="test_summary_rejects_lossy_indices_and_rank[0-groups4-cmk.reference]" time="0.000" /><testcase classname="tests.test_input_contracts" name="test_summary_rejects_lossy_indices_and_rank[0-groups5-cmk.rational]" time="0.000" /><testcase classname="tests.test_input_contracts" name="test_summary_rejects_lossy_indices_and_rank[0-groups5-cmk.reference]" time="0.000" /><testcase classname="tests.test_input_contracts" name="test_rational_summary_immutable_and_source_query_shift_bound" time="0.001" /><testcase classname="tests.test_input_contracts" name="test_numerical_source_and_summary_identity_checked_before_refinement" time="0.001" /><testcase classname="tests.test_input_contracts" name="test_empty_bad_envelopes_and_unsupported_exponential_domain" time="0.000" /><testcase classname="tests.test_rational" name="test_bf16_boundaries" time="0.001" /><testcase classname="tests.test_rational" name="test_rational_envelopes_against_independent_oracle" time="0.209" /><testcase classname="tests.test_rational" name="test_midpoint_refusal" time="0.001" /><testcase classname="tests.test_rational" name="test_exact_constant_channel_and_rank_zero" time="0.001" /><testcase classname="tests.test_reference" name="test_randomized_envelopes" time="0.445" /><testcase classname="tests.test_reference" name="test_extremal_residuals_and_refinement" time="0.032" /><testcase classname="tests.test_reference" name="test_box_test_stronger_than_symmetric_bound_example" time="0.000" /><testcase classname="tests.test_reference" name="test_tail_improvement" time="0.002" /><testcase classname="tests.test_reference" name="test_bad_inputs_and_abstention" time="0.000" /></testsuite></testsuites>