<?xml version="1.0" encoding="utf-8"?><testsuites name="pytest tests"><testsuite name="pytest" errors="0" failures="0" skipped="0" tests="10" time="0.630" timestamp="2026-09-05T04:10:04.042576+00:00" hostname="localhost"><testcase classname="tests.test_export" name="test_outward_export" time="0.030" /><testcase classname="tests.test_rational" name="test_bf16_boundaries" time="0.001" /><testcase classname="tests.test_rational" name="test_rational_envelopes_against_independent_oracle" time="0.148" /><testcase classname="tests.test_rational" name="test_midpoint_refusal" time="0.001" /><testcase classname="tests.test_rational" name="test_exact_constant_channel_and_rank_zero" time="0.001" /><testcase classname="tests.test_reference" name="test_randomized_envelopes" time="0.388" /><testcase classname="tests.test_reference" name="test_extremal_residuals_and_refinement" time="0.042" /><testcase classname="tests.test_reference" name="test_box_test_stronger_than_symmetric_bound_example" time="0.000" /><testcase classname="tests.test_reference" name="test_tail_improvement" time="0.002" /><testcase classname="tests.test_reference" name="test_bad_inputs_and_abstention" time="0.001" /></testsuite></testsuites>